<?xml version="1.0" encoding="UTF-8"?>
<testng-results ignored="0" total="1" passed="1" failed="0" skipped="0">
  <reporter-output>
  </reporter-output>
  <suite started-at="2022-10-07T04:53:58 IST" name="org.example.SimpleTest" finished-at="2022-10-07T04:54:08 IST" duration-ms="10175">
    <groups>
    </groups>
    <test started-at="2022-10-07T04:53:58 IST" name="Command line test" finished-at="2022-10-07T04:54:08 IST" duration-ms="10175">
      <class name="org.example.SimpleTest">
        <test-method is-config="true" signature="beforeTests()[pri:0, instance:org.example.SimpleTest@37afeb11]" started-at="2022-10-07T04:53:58 IST" name="beforeTests" finished-at="2022-10-07T04:54:08 IST" duration-ms="9983" status="PASS">
          <reporter-output>
          </reporter-output>
        </test-method> <!-- beforeTests -->
        <test-method signature="shouldOpenElementsPage()[pri:0, instance:org.example.SimpleTest@37afeb11]" started-at="2022-10-07T04:54:08 IST" name="shouldOpenElementsPage" finished-at="2022-10-07T04:54:08 IST" duration-ms="34" status="PASS">
          <reporter-output>
          </reporter-output>
        </test-method> <!-- shouldOpenElementsPage -->
        <test-method is-config="true" signature="tearDown()[pri:0, instance:org.example.SimpleTest@37afeb11]" started-at="2022-10-07T04:54:08 IST" name="tearDown" finished-at="2022-10-07T04:54:08 IST" duration-ms="114" status="PASS">
          <reporter-output>
          </reporter-output>
        </test-method> <!-- tearDown -->
      </class> <!-- org.example.SimpleTest -->
    </test> <!-- Command line test -->
  </suite> <!-- org.example.SimpleTest -->
</testng-results>
